<?xml version="1.0" encoding="UTF-8"?>
<!DOCTYPE mapper PUBLIC "-//mybatis.org//DTD Mapper 3.0//EN" "http://mybatis.org/dtd/mybatis-3-mapper.dtd">
<mapper namespace="test">

<!-- ##################################################### -->
<!-- 						SELECT 						   -->
<!-- ##################################################### -->

	<select id="selectOneTest" resultType="map">
	
		SELECT * FROM TB_TEST
		
	</select>

	

<!-- ##################################################### -->
<!-- 						INSERT 						   -->
<!-- ##################################################### -->



<!-- ##################################################### -->
<!-- 						UPDATE 						   -->
<!-- ##################################################### -->



<!-- ##################################################### -->
<!-- 						DELETE 						   -->
<!-- ##################################################### -->


</mapper>